[INFO] Scanning for projects...
[INFO] 
[INFO] ---------------------< com.example:ProductService >---------------------
[INFO] Building ProductService 0.0.1-SNAPSHOT
[INFO]   from pom.xml
[INFO] --------------------------------[ jar ]---------------------------------
[INFO] 
[INFO] >>> spring-boot:3.4.4:run (default-cli) > test-compile @ ProductService >>>
[INFO] 
[INFO] --- resources:3.3.1:resources (default-resources) @ ProductService ---
[INFO] Copying 2 resources from src\main\resources to target\classes
[INFO] Copying 0 resource from src\main\resources to target\classes
[INFO] 
[INFO] --- compiler:3.13.0:compile (default-compile) @ ProductService ---
[INFO] Nothing to compile - all classes are up to date.
[INFO] 
[INFO] --- resources:3.3.1:testResources (default-testResources) @ ProductService ---
[INFO] skip non existing resourceDirectory D:\Downloads\Microserivce_ECommerSystem\ProductService\ProductService\src\test\resources
[INFO] 
[INFO] --- compiler:3.13.0:testCompile (default-testCompile) @ ProductService ---
[INFO] Nothing to compile - all classes are up to date.
[INFO] 
[INFO] <<< spring-boot:3.4.4:run (default-cli) < test-compile @ ProductService <<<
[INFO] 
[INFO] 
[INFO] --- spring-boot:3.4.4:run (default-cli) @ ProductService ---
[INFO] Attaching agents: []

  .   ____          _            __ _ _
 /\\ / ___'_ __ _ _(_)_ __  __ _ \ \ \ \
( ( )\___ | '_ | '_| | '_ \/ _` | \ \ \ \
 \\/  ___)| |_)| | | | | || (_| |  ) ) ) )
  '  |____| .__|_| |_|_| |_\__, | / / / /
 =========|_|==============|___/=/_/_/_/

 :: Spring Boot ::                (v3.4.4)

2026-04-04T23:00:16.700+07:00  INFO 27272 --- [PRODUCT-SERVICE] [           main] c.e.P.ProductServiceApplication          : Starting ProductServiceApplication using Java 21.0.10 with PID 27272 (D:\Downloads\Microserivce_ECommerSystem\ProductService\ProductService\target\classes started by PC in D:\Downloads\Microserivce_ECommerSystem\ProductService\ProductService)
2026-04-04T23:00:16.702+07:00  INFO 27272 --- [PRODUCT-SERVICE] [           main] c.e.P.ProductServiceApplication          : No active profile set, falling back to 1 default profile: "default"
2026-04-04T23:00:17.536+07:00  INFO 27272 --- [PRODUCT-SERVICE] [           main] .s.d.r.c.RepositoryConfigurationDelegate : Bootstrapping Spring Data JPA repositories in DEFAULT mode.
2026-04-04T23:00:17.698+07:00  INFO 27272 --- [PRODUCT-SERVICE] [           main] .s.d.r.c.RepositoryConfigurationDelegate : Finished Spring Data repository scanning in 151 ms. Found 1 JPA repository interface.
2026-04-04T23:00:17.963+07:00  INFO 27272 --- [PRODUCT-SERVICE] [           main] o.s.cloud.context.scope.GenericScope     : BeanFactory id=a4d71ab9-44ce-30ae-b55d-1445fac014e1
2026-04-04T23:00:18.519+07:00  INFO 27272 --- [PRODUCT-SERVICE] [           main] o.s.b.w.embedded.tomcat.TomcatWebServer  : Tomcat initialized with port 8082 (http)
2026-04-04T23:00:18.553+07:00  INFO 27272 --- [PRODUCT-SERVICE] [           main] o.apache.catalina.core.StandardService   : Starting service [Tomcat]
2026-04-04T23:00:18.554+07:00  INFO 27272 --- [PRODUCT-SERVICE] [           main] o.apache.catalina.core.StandardEngine    : Starting Servlet engine: [Apache Tomcat/10.1.39]
2026-04-04T23:00:18.638+07:00  INFO 27272 --- [PRODUCT-SERVICE] [           main] o.a.c.c.C.[Tomcat].[localhost].[/]       : Initializing Spring embedded WebApplicationContext
2026-04-04T23:00:18.641+07:00  INFO 27272 --- [PRODUCT-SERVICE] [           main] w.s.c.ServletWebServerApplicationContext : Root WebApplicationContext: initialization completed in 1886 ms
2026-04-04T23:00:18.915+07:00  INFO 27272 --- [PRODUCT-SERVICE] [           main] o.hibernate.jpa.internal.util.LogHelper  : HHH000204: Processing PersistenceUnitInfo [name: default]
2026-04-04T23:00:19.022+07:00  INFO 27272 --- [PRODUCT-SERVICE] [           main] org.hibernate.Version                    : HHH000412: Hibernate ORM core version 6.6.11.Final
2026-04-04T23:00:19.075+07:00  INFO 27272 --- [PRODUCT-SERVICE] [           main] o.h.c.internal.RegionFactoryInitiator    : HHH000026: Second-level cache disabled
2026-04-04T23:00:19.453+07:00  INFO 27272 --- [PRODUCT-SERVICE] [           main] o.s.o.j.p.SpringPersistenceUnitInfo      : No LoadTimeWeaver setup: ignoring JPA class transformer
2026-04-04T23:00:19.497+07:00  INFO 27272 --- [PRODUCT-SERVICE] [           main] com.zaxxer.hikari.HikariDataSource       : HikariPool-1 - Starting...
2026-04-04T23:00:19.885+07:00  INFO 27272 --- [PRODUCT-SERVICE] [           main] com.zaxxer.hikari.pool.HikariPool        : HikariPool-1 - Added connection com.mysql.cj.jdbc.ConnectionImpl@38394dc3
2026-04-04T23:00:19.886+07:00  INFO 27272 --- [PRODUCT-SERVICE] [           main] com.zaxxer.hikari.HikariDataSource       : HikariPool-1 - Start completed.
2026-04-04T23:00:19.955+07:00  WARN 27272 --- [PRODUCT-SERVICE] [           main] org.hibernate.orm.deprecation            : HHH90000025: MySQLDialect does not need to be specified explicitly using 'hibernate.dialect' (remove the property setting and it will be selected by default)
2026-04-04T23:00:19.979+07:00  INFO 27272 --- [PRODUCT-SERVICE] [           main] org.hibernate.orm.connections.pooling    : HHH10001005: Database info:
	Database JDBC URL [Connecting through datasource 'HikariDataSource (HikariPool-1)']
	Database driver: undefined/unknown
	Database version: 8.0.36
	Autocommit mode: undefined/unknown
	Isolation level: undefined/unknown
	Minimum pool size: undefined/unknown
	Maximum pool size: undefined/unknown
2026-04-04T23:00:21.070+07:00  INFO 27272 --- [PRODUCT-SERVICE] [           main] o.h.e.t.j.p.i.JtaPlatformInitiator       : HHH000489: No JTA platform available (set 'hibernate.transaction.jta.platform' to enable JTA platform integration)
2026-04-04T23:00:21.138+07:00  INFO 27272 --- [PRODUCT-SERVICE] [           main] j.LocalContainerEntityManagerFactoryBean : Initialized JPA EntityManagerFactory for persistence unit 'default'
2026-04-04T23:00:21.657+07:00  WARN 27272 --- [PRODUCT-SERVICE] [           main] JpaBaseConfiguration$JpaWebConfiguration : spring.jpa.open-in-view is enabled by default. Therefore, database queries may be performed during view rendering. Explicitly configure spring.jpa.open-in-view to disable this warning
2026-04-04T23:00:21.739+07:00  WARN 27272 --- [PRODUCT-SERVICE] [           main] .s.s.UserDetailsServiceAutoConfiguration : 

Using generated security password: 2222db27-7d34-4ae7-a671-5bdc9d4d7eae

This generated password is for development use only. Your security configuration must be updated before running your application in production.

2026-04-04T23:00:21.760+07:00  INFO 27272 --- [PRODUCT-SERVICE] [           main] r$InitializeUserDetailsManagerConfigurer : Global AuthenticationManager configured with UserDetailsService bean with name inMemoryUserDetailsManager
2026-04-04T23:00:22.667+07:00  INFO 27272 --- [PRODUCT-SERVICE] [           main] DiscoveryClientOptionalArgsConfiguration : Eureka HTTP Client uses RestTemplate.
2026-04-04T23:00:22.778+07:00  INFO 27272 --- [PRODUCT-SERVICE] [           main] o.s.c.n.eureka.InstanceInfoFactory       : Setting initial instance status as: STARTING
2026-04-04T23:00:22.803+07:00  INFO 27272 --- [PRODUCT-SERVICE] [           main] com.netflix.discovery.DiscoveryClient    : Initializing Eureka in region us-east-1
2026-04-04T23:00:22.808+07:00  INFO 27272 --- [PRODUCT-SERVICE] [           main] c.n.d.s.r.aws.ConfigClusterResolver      : Resolving eureka endpoints via configuration
2026-04-04T23:00:22.817+07:00  INFO 27272 --- [PRODUCT-SERVICE] [           main] com.netflix.discovery.DiscoveryClient    : Disable delta property : false
2026-04-04T23:00:22.818+07:00  INFO 27272 --- [PRODUCT-SERVICE] [           main] com.netflix.discovery.DiscoveryClient    : Single vip registry refresh property : null
2026-04-04T23:00:22.818+07:00  INFO 27272 --- [PRODUCT-SERVICE] [           main] com.netflix.discovery.DiscoveryClient    : Force full registry fetch : false
2026-04-04T23:00:22.818+07:00  INFO 27272 --- [PRODUCT-SERVICE] [           main] com.netflix.discovery.DiscoveryClient    : Application is null : false
2026-04-04T23:00:22.819+07:00  INFO 27272 --- [PRODUCT-SERVICE] [           main] com.netflix.discovery.DiscoveryClient    : Registered Applications size is zero : true
2026-04-04T23:00:22.819+07:00  INFO 27272 --- [PRODUCT-SERVICE] [           main] com.netflix.discovery.DiscoveryClient    : Application version is -1: true
2026-04-04T23:00:22.819+07:00  INFO 27272 --- [PRODUCT-SERVICE] [           main] com.netflix.discovery.DiscoveryClient    : Getting all instance registry info from the eureka server
2026-04-04T23:00:23.205+07:00  INFO 27272 --- [PRODUCT-SERVICE] [           main] com.netflix.discovery.DiscoveryClient    : The response status is 200
2026-04-04T23:00:23.208+07:00  INFO 27272 --- [PRODUCT-SERVICE] [           main] com.netflix.discovery.DiscoveryClient    : Starting heartbeat executor: renew interval is: 30
2026-04-04T23:00:23.210+07:00  INFO 27272 --- [PRODUCT-SERVICE] [           main] c.n.discovery.InstanceInfoReplicator     : InstanceInfoReplicator onDemand update allowed rate per min is 4
2026-04-04T23:00:23.212+07:00  INFO 27272 --- [PRODUCT-SERVICE] [           main] com.netflix.discovery.DiscoveryClient    : Discovery Client initialized at timestamp 1775318423211 with initial instances count: 2
2026-04-04T23:00:23.219+07:00  INFO 27272 --- [PRODUCT-SERVICE] [           main] o.s.c.n.e.s.EurekaServiceRegistry        : Registering application PRODUCT-SERVICE with eureka with status UP
2026-04-04T23:00:23.221+07:00  INFO 27272 --- [PRODUCT-SERVICE] [           main] com.netflix.discovery.DiscoveryClient    : Saw local status change event StatusChangeEvent [timestamp=1775318423220, current=UP, previous=STARTING]
2026-04-04T23:00:23.222+07:00  INFO 27272 --- [PRODUCT-SERVICE] [foReplicator-%d] com.netflix.discovery.DiscoveryClient    : DiscoveryClient_PRODUCT-SERVICE/TruongNguyenKim:PRODUCT-SERVICE:8082: registering service...
2026-04-04T23:00:23.244+07:00  INFO 27272 --- [PRODUCT-SERVICE] [           main] o.s.b.w.embedded.tomcat.TomcatWebServer  : Tomcat started on port 8082 (http) with context path '/'
2026-04-04T23:00:23.245+07:00  INFO 27272 --- [PRODUCT-SERVICE] [           main] .s.c.n.e.s.EurekaAutoServiceRegistration : Updating port to 8082
2026-04-04T23:00:23.265+07:00  INFO 27272 --- [PRODUCT-SERVICE] [           main] c.e.P.ProductServiceApplication          : Started ProductServiceApplication in 7.182 seconds (process running for 7.712)
2026-04-04T23:00:23.267+07:00  INFO 27272 --- [PRODUCT-SERVICE] [foReplicator-%d] com.netflix.discovery.DiscoveryClient    : DiscoveryClient_PRODUCT-SERVICE/TruongNguyenKim:PRODUCT-SERVICE:8082 - registration status: 204
2026-04-04T23:05:22.829+07:00  INFO 27272 --- [PRODUCT-SERVICE] [rap-executor-%d] c.n.d.s.r.aws.ConfigClusterResolver      : Resolving eureka endpoints via configuration
2026-04-04T23:10:22.834+07:00  INFO 27272 --- [PRODUCT-SERVICE] [rap-executor-%d] c.n.d.s.r.aws.ConfigClusterResolver      : Resolving eureka endpoints via configuration
2026-04-04T23:15:22.846+07:00  INFO 27272 --- [PRODUCT-SERVICE] [rap-executor-%d] c.n.d.s.r.aws.ConfigClusterResolver      : Resolving eureka endpoints via configuration
2026-04-04T23:20:22.861+07:00  INFO 27272 --- [PRODUCT-SERVICE] [rap-executor-%d] c.n.d.s.r.aws.ConfigClusterResolver      : Resolving eureka endpoints via configuration
2026-04-04T23:25:22.871+07:00  INFO 27272 --- [PRODUCT-SERVICE] [rap-executor-%d] c.n.d.s.r.aws.ConfigClusterResolver      : Resolving eureka endpoints via configuration
2026-04-04T23:30:22.885+07:00  INFO 27272 --- [PRODUCT-SERVICE] [rap-executor-%d] c.n.d.s.r.aws.ConfigClusterResolver      : Resolving eureka endpoints via configuration
2026-04-04T23:35:22.902+07:00  INFO 27272 --- [PRODUCT-SERVICE] [rap-executor-%d] c.n.d.s.r.aws.ConfigClusterResolver      : Resolving eureka endpoints via configuration
2026-04-04T23:40:22.915+07:00  INFO 27272 --- [PRODUCT-SERVICE] [rap-executor-%d] c.n.d.s.r.aws.ConfigClusterResolver      : Resolving eureka endpoints via configuration
2026-04-04T23:40:29.834+07:00  INFO 27272 --- [PRODUCT-SERVICE] [nio-8082-exec-1] o.a.c.c.C.[Tomcat].[localhost].[/]       : Initializing Spring DispatcherServlet 'dispatcherServlet'
2026-04-04T23:40:29.835+07:00  INFO 27272 --- [PRODUCT-SERVICE] [nio-8082-exec-1] o.s.web.servlet.DispatcherServlet        : Initializing Servlet 'dispatcherServlet'
2026-04-04T23:40:29.882+07:00  INFO 27272 --- [PRODUCT-SERVICE] [nio-8082-exec-1] o.s.web.servlet.DispatcherServlet        : Completed initialization in 44 ms
2026-04-04T23:45:22.928+07:00  INFO 27272 --- [PRODUCT-SERVICE] [rap-executor-%d] c.n.d.s.r.aws.ConfigClusterResolver      : Resolving eureka endpoints via configuration
